INFO  There is no user configuration available.
Exception in thread "AWT-EventQueue-0" java.lang.ClassCastException
	at java.desktop/javax.swing.LayoutComparator.compare(LayoutComparator.java:83)
	at java.desktop/javax.swing.LayoutComparator.compare(LayoutComparator.java:49)
	at java.desktop/javax.swing.SortingFocusTraversalPolicy.mergeSort(SortingFocusTraversalPolicy.java:646)
	at java.desktop/javax.swing.SortingFocusTraversalPolicy.mergeSort(SortingFocusTraversalPolicy.java:661)
	at java.desktop/javax.swing.SortingFocusTraversalPolicy.mergeSort(SortingFocusTraversalPolicy.java:661)
	at java.desktop/javax.swing.SortingFocusTraversalPolicy.mergeSort(SortingFocusTraversalPolicy.java:661)
	at java.desktop/javax.swing.SortingFocusTraversalPolicy.mergeSort(SortingFocusTraversalPolicy.java:661)
	at java.desktop/javax.swing.SortingFocusTraversalPolicy.legacySort(SortingFocusTraversalPolicy.java:157)
	at java.desktop/javax.swing.SortingFocusTraversalPolicy.enumerateAndSortCycle(SortingFocusTraversalPolicy.java:146)
	at java.desktop/javax.swing.SortingFocusTraversalPolicy.getFocusTraversalCycle(SortingFocusTraversalPolicy.java:119)
	at java.desktop/javax.swing.SortingFocusTraversalPolicy.getFirstComponent(SortingFocusTraversalPolicy.java:472)
	at java.desktop/javax.swing.LayoutFocusTraversalPolicy.getFirstComponent(LayoutFocusTraversalPolicy.java:172)
	at java.desktop/javax.swing.SortingFocusTraversalPolicy.getDefaultComponent(SortingFocusTraversalPolicy.java:565)
	at java.desktop/java.awt.FocusTraversalPolicy.getInitialComponent(FocusTraversalPolicy.java:174)
	at java.desktop/java.awt.DefaultKeyboardFocusManager.dispatchEvent(DefaultKeyboardFocusManager.java:485)
	at java.desktop/java.awt.Component.dispatchEventImpl(Component.java:4839)
	at java.desktop/java.awt.Container.dispatchEventImpl(Container.java:2318)
	at java.desktop/java.awt.Window.dispatchEventImpl(Window.java:2671)
	at java.desktop/java.awt.Component.dispatchEvent(Component.java:4790)
	at java.desktop/java.awt.EventQueue.dispatchEventImpl(EventQueue.java:725)
	at java.desktop/java.awt.EventQueue.dispatchEvent(EventQueue.java:702)
	at java.desktop/java.awt.SequencedEvent.dispatch(SequencedEvent.java:197)
	at java.desktop/java.awt.EventQueue.dispatchEventImpl(EventQueue.java:723)
	at java.desktop/java.awt.EventQueue.dispatchEvent(EventQueue.java:702)
	at java.desktop/java.awt.EventDispatchThread.pumpOneEventForFilters(EventDispatchThread.java:203)
	at java.desktop/java.awt.EventDispatchThread.pumpEventsForFilter(EventDispatchThread.java:124)
	at java.desktop/java.awt.EventDispatchThread.pumpEventsForHierarchy(EventDispatchThread.java:113)
	at java.desktop/java.awt.EventDispatchThread.pumpEvents(EventDispatchThread.java:109)
	at java.desktop/java.awt.EventDispatchThread.pumpEvents(EventDispatchThread.java:101)
	at java.desktop/java.awt.EventDispatchThread.run(EventDispatchThread.java:90)
INFO  ------------------------------------------------------
INFO  	Java Version: 25.0.1
INFO  	Java Directory: /usr/local/sdkman/candidates/java/25.0.1-ms
INFO  	FILIUS Version: 2.9.4 (20.07.2025)
INFO  	Parameters: ''
INFO  	FILIUS Installation: /usr/share/filius/
INFO  	FILIUS Working Directory: /home/codespace/.filius/
INFO  	FILIUS Temp Directory: /home/codespace/.filius/temp/
INFO  ------------------------------------------------------

